# JRE version: OpenJDK Runtime Environment (11.0.10) (build 11.0.10+0-b96-7249189)
# Java VM: OpenJDK 64-Bit Server VM (11.0.10+0-b96-7249189, mixed mode, tiered, compressed oops, g1 gc, windows-amd64)
Heap:
 garbage-first heap   total 288768K, used 140068K [0x0000000080000000, 0x0000000100000000)
  region size 1024K, 55 young (56320K), 9 survivors (9216K)
 Metaspace       used 87544K, capacity 89900K, committed 90112K, reserved 1128448K
  class space    used 11274K, capacity 12066K, committed 12160K, reserved 1048576K
GC Heap History (20 events):
Event: 45.280 GC heap before
{Heap before GC invocations=65 (full 0):
 garbage-first heap   total 240640K, used 192078K [0x0000000080000000, 0x0000000100000000)
  region size 1024K, 133 young (136192K), 8 survivors (8192K)
 Metaspace       used 47862K, capacity 49171K, committed 49356K, reserved 1091584K
  class space    used 6146K, capacity 6619K, committed 6656K, reserved 1048576K
}
Event: 45.301 GC heap after
{Heap after GC invocations=66 (full 0):
 garbage-first heap   total 240640K, used 65614K [0x0000000080000000, 0x0000000100000000)
  region size 1024K, 10 young (10240K), 10 survivors (10240K)
 Metaspace       used 47862K, capacity 49171K, committed 49356K, reserved 1091584K
  class space    used 6146K, capacity 6619K, committed 6656K, reserved 1048576K
}
Event: 46.942 GC heap before
{Heap before GC invocations=66 (full 0):
 garbage-first heap   total 240640K, used 196686K [0x0000000080000000, 0x0000000100000000)
  region size 1024K, 138 young (141312K), 10 survivors (10240K)
 Metaspace       used 47864K, capacity 49171K, committed 49356K, reserved 1091584K
  class space    used 6146K, capacity 6619K, committed 6656K, reserved 1048576K
}
Event: 46.964 GC heap after
{Heap after GC invocations=67 (full 0):
 garbage-first heap   total 240640K, used 66126K [0x0000000080000000, 0x0000000100000000)
  region size 1024K, 10 young (10240K), 10 survivors (10240K)
 Metaspace       used 47864K, capacity 49171K, committed 49356K, reserved 1091584K
  class space    used 6146K, capacity 6619K, committed 6656K, reserved 1048576K
}
Event: 48.398 GC heap before
{Heap before GC invocations=67 (full 0):
 garbage-first heap   total 240640K, used 200270K [0x0000000080000000, 0x0000000100000000)
  region size 1024K, 141 young (144384K), 10 survivors (10240K)
 Metaspace       used 47870K, capacity 49171K, committed 49356K, reserved 1091584K
  class space    used 6146K, capacity 6619K, committed 6656K, reserved 1048576K
}
Event: 48.422 GC heap after
{Heap after GC invocations=68 (full 0):
 garbage-first heap   total 240640K, used 66850K [0x0000000080000000, 0x0000000100000000)
  region size 1024K, 10 young (10240K), 10 survivors (10240K)
 Metaspace       used 47870K, capacity 49171K, committed 49356K, reserved 1091584K
  class space    used 6146K, capacity 6619K, committed 6656K, reserved 1048576K
}
Event: 49.361 GC heap before
{Heap before GC invocations=68 (full 0):
 garbage-first heap   total 240640K, used 200994K [0x0000000080000000, 0x0000000100000000)
  region size 1024K, 141 young (144384K), 10 survivors (10240K)
 Metaspace       used 47873K, capacity 49171K, committed 49356K, reserved 1091584K
  class space    used 6146K, capacity 6619K, committed 6656K, reserved 1048576K
}
Event: 49.390 GC heap after
{Heap after GC invocations=69 (full 0):
 garbage-first heap   total 288768K, used 68472K [0x0000000080000000, 0x0000000100000000)
  region size 1024K, 7 young (7168K), 7 survivors (7168K)
 Metaspace       used 47873K, capacity 49171K, committed 49356K, reserved 1091584K
  class space    used 6146K, capacity 6619K, committed 6656K, reserved 1048576K
}
Event: 50.448 GC heap before
{Heap before GC invocations=69 (full 0):
 garbage-first heap   total 288768K, used 216952K [0x0000000080000000, 0x0000000100000000)
  region size 1024K, 153 young (156672K), 7 survivors (7168K)
 Metaspace       used 47875K, capacity 49172K, committed 49356K, reserved 1091584K
  class space    used 6146K, capacity 6619K, committed 6656K, reserved 1048576K
}
Event: 50.466 GC heap after
{Heap after GC invocations=70 (full 0):
 garbage-first heap   total 288768K, used 69496K [0x0000000080000000, 0x0000000100000000)
  region size 1024K, 8 young (8192K), 8 survivors (8192K)
 Metaspace       used 47875K, capacity 49172K, committed 49356K, reserved 1091584K
  class space    used 6146K, capacity 6619K, committed 6656K, reserved 1048576K
}
Event: 51.489 GC heap before
{Heap before GC invocations=70 (full 0):
 garbage-first heap   total 288768K, used 228216K [0x0000000080000000, 0x0000000100000000)
  region size 1024K, 163 young (166912K), 8 survivors (8192K)
 Metaspace       used 47879K, capacity 49172K, committed 49356K, reserved 1091584K
  class space    used 6146K, capacity 6619K, committed 6656K, reserved 1048576K
}
Event: 51.509 GC heap after
{Heap after GC invocations=71 (full 0):
 garbage-first heap   total 288768K, used 70520K [0x0000000080000000, 0x0000000100000000)
  region size 1024K, 9 young (9216K), 9 survivors (9216K)
 Metaspace       used 47879K, capacity 49172K, committed 49356K, reserved 1091584K
  class space    used 6146K, capacity 6619K, committed 6656K, reserved 1048576K
}
Event: 52.497 GC heap before
{Heap before GC invocations=71 (full 0):
 garbage-first heap   total 288768K, used 234360K [0x0000000080000000, 0x0000000100000000)
  region size 1024K, 169 young (173056K), 9 survivors (9216K)
 Metaspace       used 47897K, capacity 49172K, committed 49356K, reserved 1091584K
  class space    used 6146K, capacity 6619K, committed 6656K, reserved 1048576K
}
Event: 52.503 GC heap after
{Heap after GC invocations=72 (full 0):
 garbage-first heap   total 288768K, used 60792K [0x0000000080000000, 0x0000000100000000)
  region size 1024K, 3 young (3072K), 3 survivors (3072K)
 Metaspace       used 47897K, capacity 49172K, committed 49356K, reserved 1091584K
  class space    used 6146K, capacity 6619K, committed 6656K, reserved 1048576K
}
Event: 58.445 GC heap before
{Heap before GC invocations=72 (full 0):
 garbage-first heap   total 288768K, used 233848K [0x0000000080000000, 0x0000000100000000)
  region size 1024K, 169 young (173056K), 3 survivors (3072K)
 Metaspace       used 55482K, capacity 57218K, committed 57292K, reserved 1099776K
  class space    used 7085K, capacity 7648K, committed 7680K, reserved 1048576K
}
Event: 58.473 GC heap after
{Heap after GC invocations=73 (full 0):
 garbage-first heap   total 288768K, used 71222K [0x0000000080000000, 0x0000000100000000)
  region size 1024K, 10 young (10240K), 10 survivors (10240K)
 Metaspace       used 55482K, capacity 57218K, committed 57292K, reserved 1099776K
  class space    used 7085K, capacity 7648K, committed 7680K, reserved 1048576K
}
Event: 64.164 GC heap before
{Heap before GC invocations=73 (full 0):
 garbage-first heap   total 288768K, used 213558K [0x0000000080000000, 0x0000000100000000)
  region size 1024K, 146 young (149504K), 10 survivors (10240K)
 Metaspace       used 70481K, capacity 72376K, committed 72448K, reserved 1112064K
  class space    used 8917K, capacity 9584K, committed 9600K, reserved 1048576K
}
Event: 64.223 GC heap after
{Heap after GC invocations=74 (full 0):
 garbage-first heap   total 288768K, used 87928K [0x0000000080000000, 0x0000000100000000)
  region size 1024K, 22 young (22528K), 22 survivors (22528K)
 Metaspace       used 70481K, capacity 72376K, committed 72448K, reserved 1112064K
  class space    used 8917K, capacity 9584K, committed 9600K, reserved 1048576K
}
Event: 69.172 GC heap before
{Heap before GC invocations=75 (full 0):
 garbage-first heap   total 288768K, used 234360K [0x0000000080000000, 0x0000000100000000)
  region size 1024K, 167 young (171008K), 22 survivors (22528K)
 Metaspace       used 81258K, capacity 83578K, committed 83712K, reserved 1122304K
  class space    used 10527K, capacity 11313K, committed 11392K, reserved 1048576K
}
Event: 69.257 GC heap after
{Heap after GC invocations=76 (full 0):
 garbage-first heap   total 288768K, used 93988K [0x0000000080000000, 0x0000000100000000)
  region size 1024K, 9 young (9216K), 9 survivors (9216K)
 Metaspace       used 81258K, capacity 83578K, committed 83712K, reserved 1122304K
  class space    used 10527K, capacity 11313K, committed 11392K, reserved 1048576K
}

